
Processing MCEff.C(0)...
Now Working on = 0
Now Working on = 10000
Now Working on = 20000
Now Working on = 30000
Now Working on = 40000
Now Working on = 50000
Now Working on = 60000
Now Working on = 70000
Now Working on = 80000
Now Working on = 90000
Now Working on = 100000
Now Working on = 110000
Now Working on = 120000
Now Working on = 130000
Now Working on = 140000
Now Working on = 150000
Now Working on = 160000
Now Working on = 170000
Now Working on = 180000
Now Working on = 190000
Now Working on = 200000
Now Working on = 210000
Now Working on = 220000
Now Working on = 230000
Now Working on = 240000
Now Working on = 250000
Now Working on = 260000
Now Working on = 270000
Now Working on = 280000
Now Working on = 290000
Now Working on = 300000
Now Working on = 310000
Now Working on = 320000
Now Working on = 330000
Now Working on = 340000
Now Working on = 350000
Now Working on = 360000
Now Working on = 370000
Now Working on = 380000
Now Working on = 390000
Now Working on = 400000
Now Working on = 410000
Now Working on = 420000
Now Working on = 430000
Now Working on = 440000
Now Working on = 450000
Now Working on = 460000
Now Working on = 470000
Now Working on = 480000
Now Working on = 490000
Now Working on = 500000
Now Working on = 510000
Now Working on = 520000
Now Working on = 530000
Now Working on = 540000
Now Working on = 550000
Now Working on = 560000
Now Working on = 570000
Now Working on = 580000
Now Working on = 590000
Now Working on = 600000
Now Working on = 610000
Now Working on = 620000
Now Working on = 630000
Now Working on = 640000
Now Working on = 650000
Now Working on = 660000
Now Working on = 670000
Now Working on = 680000
Now Working on = 690000
Now Working on = 700000
Now Working on = 710000
Now Working on = 720000
Now Working on = 730000
Now Working on = 740000
Now Working on = 750000
Now Working on = 760000
Now Working on = 770000
Now Working on = 780000
Now Working on = 790000
Now Working on = 800000
Now Working on = 810000
Now Working on = 820000
Now Working on = 830000
Now Working on = 840000
Now Working on = 850000
Now Working on = 860000
Now Working on = 870000
Now Working on = 880000
Now Working on = 890000
Now Working on = 900000
Now Working on = 910000
Now Working on = 920000
Now Working on = 930000
Now Working on = 940000
Now Working on = 950000
Now Working on = 960000
Now Working on = 970000
Now Working on = 980000
Now Working on = 990000
Now Working on = 1000000
Now Working on = 1010000
Now Working on = 1020000
Now Working on = 1030000
Now Working on = 1040000
Now Working on = 1050000
Now Working on = 1060000
Now Working on = 1070000
Now Working on = 1080000
Now Working on = 1090000
Now Working on = 1100000
Now Working on = 1110000
Now Working on = 1120000
Now Working on = 1130000
Now Working on = 1140000
Now Working on = 1150000
Now Working on = 1160000
Now Working on = 1170000
Now Working on = 1180000
Now Working on = 1190000
Now Working on = 1200000
Now Working on = 1210000
Now Working on = 1220000
Now Working on = 1230000
Now Working on = 1240000
Now Working on = 1250000
Now Working on = 1260000
Now Working on = 1270000
Now Working on = 1280000
Now Working on = 1290000
Now Working on = 1300000
Now Working on = 1310000
Now Working on = 1320000
Now Working on = 1330000
Now Working on = 1340000
Now Working on = 1350000
Now Working on = 1360000
Now Working on = 1370000
Now Working on = 1380000
Now Working on = 1390000
Now Working on = 1400000
Now Working on = 1410000
Now Working on = 1420000
Now Working on = 1430000
Now Working on = 1440000
Now Working on = 1450000
Now Working on = 1460000
Now Working on = 1470000
Now Working on = 1480000
Now Working on = 1490000
Now Working on = 1500000
Now Working on = 1510000
Now Working on = 1520000
Now Working on = 1530000
Now Working on = 1540000
Now Working on = 1550000
Now Working on = 1560000
Now Working on = 1570000
Now Working on = 1580000
Now Working on = 1590000
Now Working on = 1600000
Now Working on = 1610000
Now Working on = 1620000
Now Working on = 1630000
Now Working on = 1640000
Now Working on = 1650000
Now Working on = 1660000
Now Working on = 1670000
Now Working on = 1680000
Now Working on = 1690000
Now Working on = 1700000
Now Working on = 1710000
Now Working on = 1720000
Now Working on = 1730000
Now Working on = 1740000
Now Working on = 1750000
Now Working on = 1760000
Now Working on = 1770000
Now Working on = 1780000
Now Working on = 1790000
Now Working on = 1800000
Now Working on = 1810000
Now Working on = 1820000
Now Working on = 1830000
Now Working on = 1840000
Now Working on = 1850000
Now Working on = 1860000
Now Working on = 1870000
Now Working on = 1880000
Now Working on = 1890000
Now Working on = 1900000
Now Working on = 1910000
Now Working on = 1920000
Now Working on = 1930000
Now Working on = 1940000
Now Working on = 1950000
Now Working on = 1960000
Now Working on = 1970000
Now Working on = 1980000
Now Working on = 1990000
Now Working on = 2000000
Now Working on = 2010000
Now Working on = 2020000
Now Working on = 2030000
Now Working on = 2040000
Now Working on = 2050000
Now Working on = 2060000
Now Working on = 2070000
Now Working on = 2080000
Now Working on = 2090000
Now Working on = 2100000
Now Working on = 2110000
Now Working on = 2120000
Now Working on = 2130000
Now Working on = 2140000
Now Working on = 2150000
Now Working on = 2160000
Now Working on = 2170000
Now Working on = 2180000
Now Working on = 2190000
Now Working on = 2200000
Now Working on = 2210000
Now Working on = 2220000
Now Working on = 2230000
Now Working on = 2240000
Now Working on = 2250000
Now Working on = 2260000
Now Working on = 2270000
Now Working on = 2280000
Now Working on = 2290000
Now Working on = 2300000
Now Working on = 2310000
Now Working on = 2320000
Now Working on = 2330000
Now Working on = 2340000
Now Working on = 2350000
Now Working on = 2360000
Now Working on = 2370000
Now Working on = 2380000
Now Working on = 2390000
Now Working on = 2400000
Now Working on = 2410000
Now Working on = 2420000
Now Working on = 2430000
Now Working on = 2440000
Now Working on = 2450000
Now Working on = 2460000
Now Working on = 2470000
Now Working on = 2480000
Now Working on = 2490000
Now Working on = 2500000
Now Working on = 2510000
Now Working on = 2520000
Now Working on = 2530000
Now Working on = 2540000
Now Working on = 2550000
Now Working on = 2560000
Now Working on = 2570000
Now Working on = 2580000
Now Working on = 2590000
Now Working on = 2600000
Now Working on = 2610000
Now Working on = 2620000
Now Working on = 2630000
Now Working on = 2640000
Now Working on = 2650000
Now Working on = 2660000
Now Working on = 2670000
Now Working on = 2680000
Now Working on = 2690000
Now Working on = 2700000
Now Working on = 2710000
Now Working on = 2720000
Now Working on = 2730000
Now Working on = 2740000
Now Working on = 2750000
Now Working on = 2760000
Now Working on = 2770000
Now Working on = 2780000
Now Working on = 2790000
Now Working on = 2800000
Now Working on = 2810000
Now Working on = 2820000
Now Working on = 2830000
Now Working on = 2840000
Now Working on = 2850000
Now Working on = 2860000
Now Working on = 2870000
Now Working on = 2880000
Now Working on = 2890000
Now Working on = 2900000
Now Working on = 2910000
Now Working on = 2920000
Now Working on = 2930000
Now Working on = 2940000
Now Working on = 2950000
Now Working on = 2960000
Now Working on = 2970000
Now Working on = 2980000
Now Working on = 2990000
Now Working on = 3000000
Now Working on = 3010000
Now Working on = 3020000
Now Working on = 3030000
Now Working on = 3040000
Now Working on = 3050000
Now Working on = 3060000
Now Working on = 3070000
Now Working on = 3080000
Now Working on = 3090000
Now Working on = 3100000
Now Working on = 3110000
Now Working on = 3120000
Now Loop Gen
START MAKING HIS BRO
Eff1DGENAccHis->Integral() = 0.0178955
i = 0   TnPSystValue = 0
i = 1   TnPSystValue = 0
i = 2   TnPSystValue = 0
i = 3   TnPSystValue = 0
i = 0   BDTSystValue = 0.141769
i = 1   BDTSystValue = 0.0580547
i = 2   BDTSystValue = 0.106004
i = 3   BDTSystValue = 0.00947971
pT =  0 - 1  Eff:  0.0501774   Eff Error: 0.0113365
pT =  1 - 2  Eff:  0.0455805   Eff Error: 0.00303198
pT =  2 - 3  Eff:  0.120501   Eff Error: 0.00610363
pT =  3 - 5  Eff:  0.198732   Eff Error: 0.00455491
pT =  5 - 7  Eff:  0.253718   Eff Error: 0.00303593
pT =  7 - 10  Eff:  0.253718   Eff Error: 0.00303593
pT =  10 - 15  Eff:  0.253718   Eff Error: 0.00303593
pT =  15 - 20  Eff:  0.253718   Eff Error: 0.00303593
pT =  20 - 50  Eff:  0.253718   Eff Error: 0.00303593
pT =  50 - 100  Eff:  0.253718   Eff Error: 0.00303593
