

####################################################################################################################################
#                                                Variables [1;32m(To be used)[0m                                                            #
####################################################################################################################################
#                                                                                                                                  #
[1;32m#  0  :  ("Btrk1Pt"  , "Btrk1Pt"                                                                                        , "FMax")  #[0m
[1;32m#  1  :  ("Btrk2Pt"  , "Btrk2Pt"                                                                                        , "FMax")  #[0m
[1;32m#  2  :  ("Trk1DCAz" , "Trk1DCAz := abs(Btrk1Dz1/Btrk1DzError1)"                                                                                       , "FMin")  #[0m
[1;32m#  3  :  ("Trk2DCAz" , "Trk2DCAz := abs(Btrk2Dz1/Btrk2DzError1)"                                                                                       , "FMin")  #[0m
[1;32m#  4  :  ("Trk1DCAxy"  , "Trk1DCAxy := abs(Btrk1Dxy1/Btrk1DxyError1)"                                                                 , "FMin")  #[0m
[1;32m#  5  :  ("Trk2DCAxy"  , "Trk2DCAxy := abs(Btrk2Dxy1/Btrk2DxyError1)"                                                                 , "FMin")  #[0m
#  7  :  ("dls"      , "dls := BsvpvDistance/BsvpvDisErr"                                                                 , "FMax")  #[0m
[1;32m#  8  :  ("Balpha"   , "Balpha"                                                                                          , "FMax")  #[0m
[1;32m#  9  :  ("dls2D"    , "dls2D := Bd0"                                                                             , "FMin")  #[0m
#  10 :  ("cos(Bdtheta)", "cos(Bdtheta)"                                                                                 , "FMax")  #[0m
#  11 :  ("Bchi2cl",    "Bchi2cl"                                                                                             , ""    )  #[0m
[1;32m#  12 :  ("Btrk1Eta", "Btrk1Eta"                                                                                 , "FMin")  #[0m
#                                                                                                                                  #
####################################################################################################################################



==> Start TMVAClassification
==> TMVAClassification: Registered method BDT
==> TMVAClassification: Registered method BDTG
--- TMVAClassification       : Using input file: /data/szhaozho/ppNewTMVA/CMSSW_10_3_2/src/Bs/SamplesNew2/BsMCAllNew.root & /data/szhaozho/ppNewTMVA/CMSSW_10_3_2/src/Bs/SamplesNew/BsData.root
Pass 0
Pass 1
Pass 2
Pass 3
==> TMVAClassification: Registered variable Btrk1Pt
==> TMVAClassification: Registered variable Btrk2Pt
==> TMVAClassification: Registered variable Trk1DCAz := abs(Btrk1Dz1/Btrk1DzError1)
==> TMVAClassification: Registered variable Trk2DCAz := abs(Btrk2Dz1/Btrk2DzError1)
==> TMVAClassification: Registered variable Trk1DCAxy := abs(Btrk1Dxy1/Btrk1DxyError1)
==> TMVAClassification: Registered variable Trk2DCAxy := abs(Btrk2Dxy1/Btrk2DxyError1)
==> TMVAClassification: Registered variable dls := BsvpvDistance/BsvpvDisErr
==> TMVAClassification: Registered variable Balpha
==> TMVAClassification: Registered variable Bchi2cl
==> TMVAClassification: VarSet = :VarProp[0]=FMax:VarProp[1]=FMax:VarProp[2]=FMax:VarProp[3]=FMax:VarProp[4]=FMin:VarProp[5]=FMin:VarProp[6]=FMax:VarProp[7]=FMin:VarProp[8]=FMax
Pass 4
DataSetInfo              : [dataset] : Added class "Signal"
                         : Add Tree ntphi of type Signal with 1211517 events
DataSetInfo              : [dataset] : Added class "Background"
                         : Add Tree ntphi of type Background with 866022732 events
Pass 5
Pass 6
Pass 7
Factory                  : Booking method: [1mBDTG[0m
                         : 
                         : the option *InverseBoostNegWeights* does not exist for BoostType=Grad --> change
                         : to new default for GradBoost *Pray*
<WARNING>                : Expression: Btrk1Pt does not provide data for this event. This event is not taken into account. --> please check if you use as a variable an entry of an array which is not filled for some events (e.g. arr[4] when arr has only 3 elements).
<WARNING>                : If you want to take the event into account you can do something like: "Alt$(arr[4],0)" where in cases where arr doesn't have a 4th element,  0 is taken as an alternative.
<WARNING>                : Expression: Btrk2Pt does not provide data for this event. This event is not taken into account. --> please check if you use as a variable an entry of an array which is not filled for some events (e.g. arr[4] when arr has only 3 elements).
<WARNING>                : If you want to take the event into account you can do something like: "Alt$(arr[4],0)" where in cases where arr doesn't have a 4th element,  0 is taken as an alternative.
<WARNING>                : Expression: abs(Btrk1Dz1/Btrk1DzError1) does not provide data for this event. This event is not taken into account. --> please check if you use as a variable an entry of an array which is not filled for some events (e.g. arr[4] when arr has only 3 elements).
<WARNING>                : If you want to take the event into account you can do something like: "Alt$(arr[4],0)" where in cases where arr doesn't have a 4th element,  0 is taken as an alternative.
<WARNING>                : Expression: abs(Btrk2Dz1/Btrk2DzError1) does not provide data for this event. This event is not taken into account. --> please check if you use as a variable an entry of an array which is not filled for some events (e.g. arr[4] when arr has only 3 elements).
<WARNING>                : If you want to take the event into account you can do something like: "Alt$(arr[4],0)" where in cases where arr doesn't have a 4th element,  0 is taken as an alternative.
<WARNING>                : Expression: abs(Btrk1Dxy1/Btrk1DxyError1) does not provide data for this event. This event is not taken into account. --> please check if you use as a variable an entry of an array which is not filled for some events (e.g. arr[4] when arr has only 3 elements).
<WARNING>                : If you want to take the event into account you can do something like: "Alt$(arr[4],0)" where in cases where arr doesn't have a 4th element,  0 is taken as an alternative.
<WARNING>                : Expression: abs(Btrk2Dxy1/Btrk2DxyError1) does not provide data for this event. This event is not taken into account. --> please check if you use as a variable an entry of an array which is not filled for some events (e.g. arr[4] when arr has only 3 elements).
<WARNING>                : If you want to take the event into account you can do something like: "Alt$(arr[4],0)" where in cases where arr doesn't have a 4th element,  0 is taken as an alternative.
<WARNING>                : Expression: BsvpvDistance/BsvpvDisErr does not provide data for this event. This event is not taken into account. --> please check if you use as a variable an entry of an array which is not filled for some events (e.g. arr[4] when arr has only 3 elements).
<WARNING>                : If you want to take the event into account you can do something like: "Alt$(arr[4],0)" where in cases where arr doesn't have a 4th element,  0 is taken as an alternative.
<WARNING>                : Expression: Balpha does not provide data for this event. This event is not taken into account. --> please check if you use as a variable an entry of an array which is not filled for some events (e.g. arr[4] when arr has only 3 elements).
<WARNING>                : If you want to take the event into account you can do something like: "Alt$(arr[4],0)" where in cases where arr doesn't have a 4th element,  0 is taken as an alternative.
<WARNING>                : Expression: Bchi2cl does not provide data for this event. This event is not taken into account. --> please check if you use as a variable an entry of an array which is not filled for some events (e.g. arr[4] when arr has only 3 elements).
<WARNING>                : If you want to take the event into account you can do something like: "Alt$(arr[4],0)" where in cases where arr doesn't have a 4th element,  0 is taken as an alternative.
<WARNING>                : Expression: ((TMath::Abs(Bmumumass-3.096916)<0.15 && abs(Btrk1Eta)<2.4 && abs(Btrk2Eta)<2.4 && Btrk1Pt>0.0 && Btrk2Pt>0.0) && Btrk1Pt > 0.2 && Btrk2Pt > 0.2  && Bchi2cl > 0.05 && BsvpvDistance/BsvpvDisErr > 2.0 && (abs(Btktkmass-1.019455)<0.10) && Bgen==23333)&&Bpt>2.000000&&Bpt<3.000000 does not provide data for this event. This event is not taken into account. --> please check if you use as a variable an entry of an array which is not filled for some events (e.g. arr[4] when arr has only 3 elements).
<WARNING>                : If you want to take the event into account you can do something like: "Alt$(arr[4],0)" where in cases where arr doesn't have a 4th element,  0 is taken as an alternative.
<WARNING>                : Please check class "Signal" cut "((TMath::Abs(Bmumumass-3.096916)<0.15 && abs(Btrk1Eta)<2.4 && abs(Btrk2Eta)<2.4 && Btrk1Pt>0.0 && Btrk2Pt>0.0) && Btrk1Pt > 0.2 && Btrk2Pt > 0.2  && Bchi2cl > 0.05 && BsvpvDistance/BsvpvDisErr > 2.0 && (abs(Btktkmass-1.019455)<0.10) && Bgen==23333)&&Bpt>2.000000&&Bpt<3.000000
<WARNING>                : Expression: ((TMath::Abs(Bmumumass-3.096916)<0.15 && abs(Btrk1Eta)<2.4 && abs(Btrk2Eta)<2.4 && Btrk1Pt>0.0 && Btrk2Pt>0.0) && Btrk1Pt > 0.2 && Btrk2Pt > 0.2  && Bchi2cl > 0.05 && BsvpvDistance/BsvpvDisErr > 2.0 && (abs(Btktkmass-1.019455)<0.10) &&  (abs(Bmass - 5.36682 ) > 0.20 &&  abs(Bmass - 5.36682) < 0.30))&&Bpt>2.000000&&Bpt<3.000000 does not provide data for this event. This event is not taken into account. --> please check if you use as a variable an entry of an array which is not filled for some events (e.g. arr[4] when arr has only 3 elements).
<WARNING>                : If you want to take the event into account you can do something like: "Alt$(arr[4],0)" where in cases where arr doesn't have a 4th element,  0 is taken as an alternative.
<WARNING>                : Please check class "Background" cut "((TMath::Abs(Bmumumass-3.096916)<0.15 && abs(Btrk1Eta)<2.4 && abs(Btrk2Eta)<2.4 && Btrk1Pt>0.0 && Btrk2Pt>0.0) && Btrk1Pt > 0.2 && Btrk2Pt > 0.2  && Bchi2cl > 0.05 && BsvpvDistance/BsvpvDisErr > 2.0 && (abs(Btktkmass-1.019455)<0.10) &&  (abs(Bmass - 5.36682 ) > 0.20 &&  abs(Bmass - 5.36682) < 0.30))&&Bpt>2.000000&&Bpt<3.000000
<WARNING>                : Expression: Btrk1Pt does not provide data for this event. This event is not taken into account. --> please check if you use as a variable an entry of an array which is not filled for some events (e.g. arr[4] when arr has only 3 elements).
<WARNING>                : If you want to take the event into account you can do something like: "Alt$(arr[4],0)" where in cases where arr doesn't have a 4th element,  0 is taken as an alternative.
<WARNING>                : Expression: Btrk2Pt does not provide data for this event. This event is not taken into account. --> please check if you use as a variable an entry of an array which is not filled for some events (e.g. arr[4] when arr has only 3 elements).
<WARNING>                : If you want to take the event into account you can do something like: "Alt$(arr[4],0)" where in cases where arr doesn't have a 4th element,  0 is taken as an alternative.
<WARNING>                : Expression: abs(Btrk1Dz1/Btrk1DzError1) does not provide data for this event. This event is not taken into account. --> please check if you use as a variable an entry of an array which is not filled for some events (e.g. arr[4] when arr has only 3 elements).
<WARNING>                : If you want to take the event into account you can do something like: "Alt$(arr[4],0)" where in cases where arr doesn't have a 4th element,  0 is taken as an alternative.
<WARNING>                : Expression: abs(Btrk2Dz1/Btrk2DzError1) does not provide data for this event. This event is not taken into account. --> please check if you use as a variable an entry of an array which is not filled for some events (e.g. arr[4] when arr has only 3 elements).
<WARNING>                : If you want to take the event into account you can do something like: "Alt$(arr[4],0)" where in cases where arr doesn't have a 4th element,  0 is taken as an alternative.
<WARNING>                : Expression: abs(Btrk1Dxy1/Btrk1DxyError1) does not provide data for this event. This event is not taken into account. --> please check if you use as a variable an entry of an array which is not filled for some events (e.g. arr[4] when arr has only 3 elements).
<WARNING>                : If you want to take the event into account you can do something like: "Alt$(arr[4],0)" where in cases where arr doesn't have a 4th element,  0 is taken as an alternative.
<WARNING>                : Expression: abs(Btrk2Dxy1/Btrk2DxyError1) does not provide data for this event. This event is not taken into account. --> please check if you use as a variable an entry of an array which is not filled for some events (e.g. arr[4] when arr has only 3 elements).
<WARNING>                : If you want to take the event into account you can do something like: "Alt$(arr[4],0)" where in cases where arr doesn't have a 4th element,  0 is taken as an alternative.
<WARNING>                : Expression: BsvpvDistance/BsvpvDisErr does not provide data for this event. This event is not taken into account. --> please check if you use as a variable an entry of an array which is not filled for some events (e.g. arr[4] when arr has only 3 elements).
<WARNING>                : If you want to take the event into account you can do something like: "Alt$(arr[4],0)" where in cases where arr doesn't have a 4th element,  0 is taken as an alternative.
<WARNING>                : Expression: Balpha does not provide data for this event. This event is not taken into account. --> please check if you use as a variable an entry of an array which is not filled for some events (e.g. arr[4] when arr has only 3 elements).
<WARNING>                : If you want to take the event into account you can do something like: "Alt$(arr[4],0)" where in cases where arr doesn't have a 4th element,  0 is taken as an alternative.
<WARNING>                : Expression: Bchi2cl does not provide data for this event. This event is not taken into account. --> please check if you use as a variable an entry of an array which is not filled for some events (e.g. arr[4] when arr has only 3 elements).
<WARNING>                : If you want to take the event into account you can do something like: "Alt$(arr[4],0)" where in cases where arr doesn't have a 4th element,  0 is taken as an alternative.
<WARNING>                : Expression: ((TMath::Abs(Bmumumass-3.096916)<0.15 && abs(Btrk1Eta)<2.4 && abs(Btrk2Eta)<2.4 && Btrk1Pt>0.0 && Btrk2Pt>0.0) && Btrk1Pt > 0.2 && Btrk2Pt > 0.2  && Bchi2cl > 0.05 && BsvpvDistance/BsvpvDisErr > 2.0 && (abs(Btktkmass-1.019455)<0.10) && Bgen==23333)&&Bpt>2.000000&&Bpt<3.000000 does not provide data for this event. This event is not taken into account. --> please check if you use as a variable an entry of an array which is not filled for some events (e.g. arr[4] when arr has only 3 elements).
<WARNING>                : If you want to take the event into account you can do something like: "Alt$(arr[4],0)" where in cases where arr doesn't have a 4th element,  0 is taken as an alternative.
<WARNING>                : Please check class "Signal" cut "((TMath::Abs(Bmumumass-3.096916)<0.15 && abs(Btrk1Eta)<2.4 && abs(Btrk2Eta)<2.4 && Btrk1Pt>0.0 && Btrk2Pt>0.0) && Btrk1Pt > 0.2 && Btrk2Pt > 0.2  && Bchi2cl > 0.05 && BsvpvDistance/BsvpvDisErr > 2.0 && (abs(Btktkmass-1.019455)<0.10) && Bgen==23333)&&Bpt>2.000000&&Bpt<3.000000
<WARNING>                : Expression: ((TMath::Abs(Bmumumass-3.096916)<0.15 && abs(Btrk1Eta)<2.4 && abs(Btrk2Eta)<2.4 && Btrk1Pt>0.0 && Btrk2Pt>0.0) && Btrk1Pt > 0.2 && Btrk2Pt > 0.2  && Bchi2cl > 0.05 && BsvpvDistance/BsvpvDisErr > 2.0 && (abs(Btktkmass-1.019455)<0.10) &&  (abs(Bmass - 5.36682 ) > 0.20 &&  abs(Bmass - 5.36682) < 0.30))&&Bpt>2.000000&&Bpt<3.000000 does not provide data for this event. This event is not taken into account. --> please check if you use as a variable an entry of an array which is not filled for some events (e.g. arr[4] when arr has only 3 elements).
<WARNING>                : If you want to take the event into account you can do something like: "Alt$(arr[4],0)" where in cases where arr doesn't have a 4th element,  0 is taken as an alternative.
<WARNING>                : Please check class "Background" cut "((TMath::Abs(Bmumumass-3.096916)<0.15 && abs(Btrk1Eta)<2.4 && abs(Btrk2Eta)<2.4 && Btrk1Pt>0.0 && Btrk2Pt>0.0) && Btrk1Pt > 0.2 && Btrk2Pt > 0.2  && Bchi2cl > 0.05 && BsvpvDistance/BsvpvDisErr > 2.0 && (abs(Btktkmass-1.019455)<0.10) &&  (abs(Bmass - 5.36682 ) > 0.20 &&  abs(Bmass - 5.36682) < 0.30))&&Bpt>2.000000&&Bpt<3.000000
DataSetFactory           : [dataset] : Number of events in input trees
                         : Dataset[dataset] :     Signal     requirement: "((TMath::Abs(Bmumumass-3.096916)<0.15 && abs(Btrk1Eta)<2.4 && abs(Btrk2Eta)<2.4 && Btrk1Pt>0.0 && Btrk2Pt>0.0) && Btrk1Pt > 0.2 && Btrk2Pt > 0.2  && Bchi2cl > 0.05 && BsvpvDistance/BsvpvDisErr > 2.0 && (abs(Btktkmass-1.019455)<0.10) && Bgen==23333)&&Bpt>2.000000&&Bpt<3.000000"
                         : Dataset[dataset] :     Signal          -- number of events passed: 1976   / sum of weights: 1976 
                         : Dataset[dataset] :     Signal          -- efficiency             : 0.00167379
                         : Dataset[dataset] :     Background requirement: "((TMath::Abs(Bmumumass-3.096916)<0.15 && abs(Btrk1Eta)<2.4 && abs(Btrk2Eta)<2.4 && Btrk1Pt>0.0 && Btrk2Pt>0.0) && Btrk1Pt > 0.2 && Btrk2Pt > 0.2  && Bchi2cl > 0.05 && BsvpvDistance/BsvpvDisErr > 2.0 && (abs(Btktkmass-1.019455)<0.10) &&  (abs(Bmass - 5.36682 ) > 0.20 &&  abs(Bmass - 5.36682) < 0.30))&&Bpt>2.000000&&Bpt<3.000000"
                         : Dataset[dataset] :     Background      -- number of events passed: 362482  / sum of weights: 362482
                         : Dataset[dataset] :     Background      -- efficiency             : 0.0216056
                         : Dataset[dataset] :  you have opted for interpreting the requested number of training/testing events
                         :  to be the number of events AFTER your preselection cuts
                         : 
                         : Dataset[dataset] :  you have opted for interpreting the requested number of training/testing events
                         :  to be the number of events AFTER your preselection cuts
                         : 
                         : Number of training and testing events
                         : ---------------------------------------------------------------------------
                         : Signal     -- training events            : 988
                         : Signal     -- testing events             : 988
                         : Signal     -- training and testing events: 1976
                         : Dataset[dataset] : Signal     -- due to the preselection a scaling factor has been applied to the numbers of requested events: 0.00167379
                         : Background -- training events            : 181241
                         : Background -- testing events             : 181241
                         : Background -- training and testing events: 362482
                         : Dataset[dataset] : Background -- due to the preselection a scaling factor has been applied to the numbers of requested events: 0.00605342
                         : 
DataSetInfo              : Correlation matrix (Signal):
                         : ------------------------------------------------------------------------------------------------------------------------------------------------------------------------------------------------------------
                         :                                Btrk1Pt Btrk2Pt abs(Btrk1Dz1/Btrk1DzError1) abs(Btrk2Dz1/Btrk2DzError1) abs(Btrk1Dxy1/Btrk1DxyError1) abs(Btrk2Dxy1/Btrk2DxyError1) BsvpvDistance/BsvpvDisErr  Balpha Bchi2cl
                         :                       Btrk1Pt:  +1.000  +0.542                      +0.129                      +0.029                        +0.089                        -0.061                    +0.030  -0.073  -0.012
                         :                       Btrk2Pt:  +0.542  +1.000                      +0.049                      +0.129                        -0.047                        +0.048                    +0.048  -0.007  +0.022
                         :   abs(Btrk1Dz1/Btrk1DzError1):  +0.129  +0.049                      +1.000                      +0.861                        +0.045                        -0.013                    +0.905  +0.391  +0.056
                         :   abs(Btrk2Dz1/Btrk2DzError1):  +0.029  +0.129                      +0.861                      +1.000                        -0.031                        -0.008                    +0.934  +0.455  +0.084
                         : abs(Btrk1Dxy1/Btrk1DxyError1):  +0.089  -0.047                      +0.045                      -0.031                        +1.000                        +0.487                    +0.005  -0.041  -0.139
                         : abs(Btrk2Dxy1/Btrk2DxyError1):  -0.061  +0.048                      -0.013                      -0.008                        +0.487                        +1.000                    -0.010  -0.024  -0.108
                         :     BsvpvDistance/BsvpvDisErr:  +0.030  +0.048                      +0.905                      +0.934                        +0.005                        -0.010                    +1.000  +0.451  +0.074
                         :                        Balpha:  -0.073  -0.007                      +0.391                      +0.455                        -0.041                        -0.024                    +0.451  +1.000  +0.050
                         :                       Bchi2cl:  -0.012  +0.022                      +0.056                      +0.084                        -0.139                        -0.108                    +0.074  +0.050  +1.000
                         : ------------------------------------------------------------------------------------------------------------------------------------------------------------------------------------------------------------
DataSetInfo              : Correlation matrix (Background):
                         : ------------------------------------------------------------------------------------------------------------------------------------------------------------------------------------------------------------
                         :                                Btrk1Pt Btrk2Pt abs(Btrk1Dz1/Btrk1DzError1) abs(Btrk2Dz1/Btrk2DzError1) abs(Btrk1Dxy1/Btrk1DxyError1) abs(Btrk2Dxy1/Btrk2DxyError1) BsvpvDistance/BsvpvDisErr  Balpha Bchi2cl
                         :                       Btrk1Pt:  +1.000  +0.378                      +0.121                      -0.017                        +0.096                        +0.006                    +0.008  +0.000  -0.034
                         :                       Btrk2Pt:  +0.378  +1.000                      -0.019                      +0.120                        +0.015                        +0.088                    +0.007  -0.002  -0.034
                         :   abs(Btrk1Dz1/Btrk1DzError1):  +0.121  -0.019                      +1.000                      +0.702                        +0.021                        -0.001                    +0.855  +0.095  +0.102
                         :   abs(Btrk2Dz1/Btrk2DzError1):  -0.017  +0.120                      +0.702                      +1.000                        +0.006                        +0.019                    +0.856  +0.094  +0.099
                         : abs(Btrk1Dxy1/Btrk1DxyError1):  +0.096  +0.015                      +0.021                      +0.006                        +1.000                        -0.018                    +0.010  +0.006  -0.180
                         : abs(Btrk2Dxy1/Btrk2DxyError1):  +0.006  +0.088                      -0.001                      +0.019                        -0.018                        +1.000                    +0.006  -0.001  -0.178
                         :     BsvpvDistance/BsvpvDisErr:  +0.008  +0.007                      +0.855                      +0.856                        +0.010                        +0.006                    +1.000  +0.113  +0.127
                         :                        Balpha:  +0.000  -0.002                      +0.095                      +0.094                        +0.006                        -0.001                    +0.113  +1.000  +0.040
                         :                       Bchi2cl:  -0.034  -0.034                      +0.102                      +0.099                        -0.180                        -0.178                    +0.127  +0.040  +1.000
                         : ------------------------------------------------------------------------------------------------------------------------------------------------------------------------------------------------------------
DataSetFactory           : [dataset] :  
                         : 
Factory                  : Booking method: [1mBDT[0m
                         : 
Pass 8
Factory                  : [1mTrain all methods[0m
Factory                  : [dataset] : Create Transformation "I" with events from all classes.
                         : 
                         : Transformation, Variable selection : 
                         : Input : variable 'Btrk1Pt' <---> Output : variable 'Btrk1Pt'
                         : Input : variable 'Btrk2Pt' <---> Output : variable 'Btrk2Pt'
                         : Input : variable 'Trk1DCAz' <---> Output : variable 'Trk1DCAz'
                         : Input : variable 'Trk2DCAz' <---> Output : variable 'Trk2DCAz'
                         : Input : variable 'Trk1DCAxy' <---> Output : variable 'Trk1DCAxy'
                         : Input : variable 'Trk2DCAxy' <---> Output : variable 'Trk2DCAxy'
                         : Input : variable 'dls' <---> Output : variable 'dls'
                         : Input : variable 'Balpha' <---> Output : variable 'Balpha'
                         : Input : variable 'Bchi2cl' <---> Output : variable 'Bchi2cl'
Factory                  : [dataset] : Create Transformation "D" with events from all classes.
                         : 
                         : Transformation, Variable selection : 
                         : Input : variable 'Btrk1Pt' <---> Output : variable 'Btrk1Pt'
                         : Input : variable 'Btrk2Pt' <---> Output : variable 'Btrk2Pt'
                         : Input : variable 'Trk1DCAz' <---> Output : variable 'Trk1DCAz'
                         : Input : variable 'Trk2DCAz' <---> Output : variable 'Trk2DCAz'
                         : Input : variable 'Trk1DCAxy' <---> Output : variable 'Trk1DCAxy'
                         : Input : variable 'Trk2DCAxy' <---> Output : variable 'Trk2DCAxy'
                         : Input : variable 'dls' <---> Output : variable 'dls'
                         : Input : variable 'Balpha' <---> Output : variable 'Balpha'
                         : Input : variable 'Bchi2cl' <---> Output : variable 'Bchi2cl'
Factory                  : [dataset] : Create Transformation "P" with events from all classes.
                         : 
                         : Transformation, Variable selection : 
                         : Input : variable 'Btrk1Pt' <---> Output : variable 'Btrk1Pt'
                         : Input : variable 'Btrk2Pt' <---> Output : variable 'Btrk2Pt'
                         : Input : variable 'Trk1DCAz' <---> Output : variable 'Trk1DCAz'
                         : Input : variable 'Trk2DCAz' <---> Output : variable 'Trk2DCAz'
                         : Input : variable 'Trk1DCAxy' <---> Output : variable 'Trk1DCAxy'
                         : Input : variable 'Trk2DCAxy' <---> Output : variable 'Trk2DCAxy'
                         : Input : variable 'dls' <---> Output : variable 'dls'
                         : Input : variable 'Balpha' <---> Output : variable 'Balpha'
                         : Input : variable 'Bchi2cl' <---> Output : variable 'Bchi2cl'
Factory                  : [dataset] : Create Transformation "G" with events from all classes.
                         : 
                         : Transformation, Variable selection : 
                         : Input : variable 'Btrk1Pt' <---> Output : variable 'Btrk1Pt'
                         : Input : variable 'Btrk2Pt' <---> Output : variable 'Btrk2Pt'
                         : Input : variable 'Trk1DCAz' <---> Output : variable 'Trk1DCAz'
                         : Input : variable 'Trk2DCAz' <---> Output : variable 'Trk2DCAz'
                         : Input : variable 'Trk1DCAxy' <---> Output : variable 'Trk1DCAxy'
                         : Input : variable 'Trk2DCAxy' <---> Output : variable 'Trk2DCAxy'
                         : Input : variable 'dls' <---> Output : variable 'dls'
                         : Input : variable 'Balpha' <---> Output : variable 'Balpha'
                         : Input : variable 'Bchi2cl' <---> Output : variable 'Bchi2cl'
Factory                  : [dataset] : Create Transformation "D" with events from all classes.
                         : 
                         : Transformation, Variable selection : 
                         : Input : variable 'Btrk1Pt' <---> Output : variable 'Btrk1Pt'
                         : Input : variable 'Btrk2Pt' <---> Output : variable 'Btrk2Pt'
                         : Input : variable 'Trk1DCAz' <---> Output : variable 'Trk1DCAz'
                         : Input : variable 'Trk2DCAz' <---> Output : variable 'Trk2DCAz'
                         : Input : variable 'Trk1DCAxy' <---> Output : variable 'Trk1DCAxy'
                         : Input : variable 'Trk2DCAxy' <---> Output : variable 'Trk2DCAxy'
                         : Input : variable 'dls' <---> Output : variable 'dls'
                         : Input : variable 'Balpha' <---> Output : variable 'Balpha'
                         : Input : variable 'Bchi2cl' <---> Output : variable 'Bchi2cl'
TFHandler_Factory        :  Variable         Mean         RMS   [        Min         Max ]
                         : ----------------------------------------------------------------
                         :   Btrk1Pt:    0.45026    0.22415   [    0.20000     2.2151 ]
                         :   Btrk2Pt:    0.45140    0.22450   [    0.20000     2.1197 ]
                         :  Trk1DCAz:     72.256     164.36   [ 2.5432e-06     2677.0 ]
                         :  Trk2DCAz:     71.902     163.67   [ 4.7575e-06     2954.0 ]
                         : Trk1DCAxy:    0.72961    0.59995   [ 2.2186e-06     10.566 ]
                         : Trk2DCAxy:    0.72865    0.59791   [ 4.5721e-06     12.832 ]
                         :       dls:     157.06     291.39   [     2.0000     3494.3 ]
                         :    Balpha:     1.3660     1.2570   [ 0.00021657     3.1388 ]
                         :   Bchi2cl:    0.40795    0.28046   [   0.050002     1.0000 ]
                         : ----------------------------------------------------------------
                         : Preparing the Decorrelation transformation...
TFHandler_Factory        :  Variable         Mean         RMS   [        Min         Max ]
                         : ----------------------------------------------------------------
                         :   Btrk1Pt:     1.6670     1.0000   [    -1.4166     9.9742 ]
                         :   Btrk2Pt:     1.6706     1.0000   [    -1.2364     9.4505 ]
                         :  Trk1DCAz:    0.14005     1.0000   [    -9.6077     18.412 ]
                         :  Trk2DCAz:    0.13746     1.0000   [    -7.9948     21.190 ]
                         : Trk1DCAxy:     1.2611     1.0000   [   -0.30723     17.922 ]
                         : Trk2DCAxy:     1.2762     1.0000   [   -0.40565     21.704 ]
                         :       dls:    0.50574     1.0000   [    -3.6339     13.055 ]
                         :    Balpha:     1.0295     1.0000   [    -1.0749     2.5156 ]
                         :   Bchi2cl:     1.7368     1.0000   [    -1.0826     6.6274 ]
                         : ----------------------------------------------------------------
                         : Preparing the Principle Component (PCA) transformation...
TFHandler_Factory        :  Variable         Mean         RMS   [        Min         Max ]
                         : ----------------------------------------------------------------
                         :   Btrk1Pt:-5.9685e-09     355.63   [    -185.39     4026.4 ]
                         :   Btrk2Pt: 5.5788e-09     89.138   [    -1413.6     1438.9 ]
                         :  Trk1DCAz: 6.0410e-10     65.505   [    -1156.8     876.10 ]
                         :  Trk2DCAz: 5.7632e-11     1.2487   [    -1.8514     2.6455 ]
                         : Trk1DCAxy: 2.0973e-11    0.60502   [    -1.1442     11.419 ]
                         : Trk2DCAxy: 1.2021e-11    0.59821   [    -9.7537     4.2336 ]
                         :       dls:-1.1891e-12    0.26701   [   -0.80728     1.8883 ]
                         :    Balpha:-3.1590e-11    0.25933   [    -1.5587    0.57331 ]
                         :   Bchi2cl:-5.3864e-12    0.16531   [   -0.99398    0.86800 ]
                         : ----------------------------------------------------------------
                         : Preparing the Gaussian transformation...
                         : Preparing the Decorrelation transformation...
TFHandler_Factory        :  Variable         Mean         RMS   [        Min         Max ]
                         : ----------------------------------------------------------------
                         :   Btrk1Pt:  0.0031124     1.0000   [    -3.6183     5.9108 ]
                         :   Btrk2Pt:  0.0029143     1.0000   [    -3.7105     5.8378 ]
                         :  Trk1DCAz: -0.0080641     1.0000   [    -4.3052     6.2188 ]
                         :  Trk2DCAz: -0.0063515     1.0000   [    -4.1582     6.1823 ]
                         : Trk1DCAxy:  0.0033473     1.0000   [    -3.3400     5.9386 ]
                         : Trk2DCAxy:  0.0032208     1.0000   [    -3.3248     5.7713 ]
                         :       dls:   0.032241     1.0000   [    -3.2384     7.1904 ]
                         :    Balpha:  0.0033614     1.0000   [    -3.3055     5.8596 ]
                         :   Bchi2cl:  0.0037009     1.0000   [    -3.4909     6.1767 ]
                         : ----------------------------------------------------------------
                         : Ranking input variables (method unspecific)...
IdTransformation         : Ranking result (top variable is best ranked)
                         : ----------------------------------
                         : Rank : Variable  : Separation
                         : ----------------------------------
                         :    1 : Balpha    : 3.669e-01
                         :    2 : Btrk1Pt   : 3.252e-01
                         :    3 : Btrk2Pt   : 3.155e-01
                         :    4 : Trk1DCAxy : 8.473e-02
                         :    5 : Trk2DCAxy : 8.261e-02
                         :    6 : Bchi2cl   : 6.680e-02
                         :    7 : dls       : 4.767e-02
                         :    8 : Trk2DCAz  : 4.624e-02
                         :    9 : Trk1DCAz  : 4.180e-02
                         : ----------------------------------
Factory                  : Train method: BDTG for Classification
                         : 
BDTG                     : #events: (reweighted) sig: 91114.5 bkg: 91114.5
                         : #events: (unweighted) sig: 988 bkg: 181241
                         : Training 500 Decision Trees ... patience please
                         : Elapsed time for training with 182229 events: [1;31m110 sec[0m         
BDTG                     : [dataset] : Evaluation of BDTG on training sample (182229 events)
                         : Elapsed time for evaluation of 182229 events: [1;31m9.67 sec[0m       
                         : Creating xml weight file: [0;36mdataset/weights/rootfiles_TMVA_B_s_BDT_BDTG_2p0_3p0_0-1-2-3-4-5-7-8-11_root/TMVAClassification_BDTG.weights.xml[0m
                         : Creating standalone class: [0;36mdataset/weights/rootfiles_TMVA_B_s_BDT_BDTG_2p0_3p0_0-1-2-3-4-5-7-8-11_root/TMVAClassification_BDTG.class.C[0m
                         : rootfiles/TMVA_B_s_BDT_BDTG_2p0_3p0_0-1-2-3-4-5-7-8-11.root:/dataset/Method_BDTG/BDTG
Factory                  : Training finished
                         : 
Factory                  : Train method: BDT for Classification
                         : 
BDT                      : #events: (reweighted) sig: 91114.5 bkg: 91114.5
                         : #events: (unweighted) sig: 988 bkg: 181241
                         : Training 4500 Decision Trees ... patience please
                         : Elapsed time for training with 182229 events: [1;31m518 sec[0m         
BDT                      : [dataset] : Evaluation of BDT on training sample (182229 events)
                         : Elapsed time for evaluation of 182229 events: [1;31m118 sec[0m       
                         : Creating xml weight file: [0;36mdataset/weights/rootfiles_TMVA_B_s_BDT_BDTG_2p0_3p0_0-1-2-3-4-5-7-8-11_root/TMVAClassification_BDT.weights.xml[0m
                         : Creating standalone class: [0;36mdataset/weights/rootfiles_TMVA_B_s_BDT_BDTG_2p0_3p0_0-1-2-3-4-5-7-8-11_root/TMVAClassification_BDT.class.C[0m
                         : rootfiles/TMVA_B_s_BDT_BDTG_2p0_3p0_0-1-2-3-4-5-7-8-11.root:/dataset/Method_BDT/BDT
Factory                  : Training finished
                         : 
                         : Ranking input variables (method specific)...
BDTG                     : Ranking result (top variable is best ranked)
                         : -------------------------------------------
                         : Rank : Variable  : Variable Importance
                         : -------------------------------------------
                         :    1 : Balpha    : 1.245e-01
                         :    2 : Bchi2cl   : 1.200e-01
                         :    3 : Btrk2Pt   : 1.173e-01
                         :    4 : Btrk1Pt   : 1.136e-01
                         :    5 : Trk2DCAxy : 1.113e-01
                         :    6 : Trk1DCAz  : 1.078e-01
                         :    7 : Trk2DCAz  : 1.026e-01
                         :    8 : Trk1DCAxy : 1.022e-01
                         :    9 : dls       : 1.007e-01
                         : -------------------------------------------
BDT                      : Ranking result (top variable is best ranked)
                         : -------------------------------------------
                         : Rank : Variable  : Variable Importance
                         : -------------------------------------------
                         :    1 : Bchi2cl   : 1.313e-01
                         :    2 : Trk2DCAxy : 1.265e-01
                         :    3 : Trk1DCAxy : 1.250e-01
                         :    4 : Balpha    : 1.238e-01
                         :    5 : Btrk2Pt   : 1.061e-01
                         :    6 : Btrk1Pt   : 1.036e-01
                         :    7 : dls       : 9.806e-02
                         :    8 : Trk1DCAz  : 9.345e-02
                         :    9 : Trk2DCAz  : 9.206e-02
                         : -------------------------------------------
Factory                  : === Destroy and recreate all methods via weight files for testing ===
                         : 
Factory                  : [1mTest all methods[0m
Factory                  : Test method: BDTG for Classification performance
                         : 
BDTG                     : [dataset] : Evaluation of BDTG on testing sample (182229 events)
                         : Elapsed time for evaluation of 182229 events: [1;31m7.78 sec[0m       
Factory                  : Test method: BDT for Classification performance
                         : 
BDT                      : [dataset] : Evaluation of BDT on testing sample (182229 events)
                         : Elapsed time for evaluation of 182229 events: [1;31m71.4 sec[0m       
Factory                  : [1mEvaluate all methods[0m
Factory                  : Evaluate classifier: BDTG
                         : 
BDTG                     : [dataset] : Loop over test events and fill histograms with classifier response...
                         : 
TFHandler_BDTG           :  Variable         Mean         RMS   [        Min         Max ]
                         : ----------------------------------------------------------------
                         :   Btrk1Pt:    0.45059    0.22558   [    0.20000     2.0743 ]
                         :   Btrk2Pt:    0.45203    0.22540   [    0.20000     2.1836 ]
                         :  Trk1DCAz:     72.015     164.27   [ 4.0974e-06     2849.1 ]
                         :  Trk2DCAz:     71.855     163.54   [ 1.0474e-05     2933.1 ]
                         : Trk1DCAxy:    0.72793    0.59761   [ 6.9506e-06     10.566 ]
                         : Trk2DCAxy:    0.73310    0.61426   [ 9.1650e-06     52.880 ]
                         :       dls:     157.42     291.82   [     2.0000     3701.6 ]
                         :    Balpha:     1.3624     1.2569   [ 0.00079795     3.1397 ]
                         :   Bchi2cl:    0.40805    0.28121   [   0.050003    0.99998 ]
                         : ----------------------------------------------------------------
Factory                  : Evaluate classifier: BDT
                         : 
BDT                      : [dataset] : Loop over test events and fill histograms with classifier response...
                         : 
TFHandler_BDT            :  Variable         Mean         RMS   [        Min         Max ]
                         : ----------------------------------------------------------------
                         :   Btrk1Pt:    0.45059    0.22558   [    0.20000     2.0743 ]
                         :   Btrk2Pt:    0.45203    0.22540   [    0.20000     2.1836 ]
                         :  Trk1DCAz:     72.015     164.27   [ 4.0974e-06     2849.1 ]
                         :  Trk2DCAz:     71.855     163.54   [ 1.0474e-05     2933.1 ]
                         : Trk1DCAxy:    0.72793    0.59761   [ 6.9506e-06     10.566 ]
                         : Trk2DCAxy:    0.73310    0.61426   [ 9.1650e-06     52.880 ]
                         :       dls:     157.42     291.82   [     2.0000     3701.6 ]
                         :    Balpha:     1.3624     1.2569   [ 0.00079795     3.1397 ]
                         :   Bchi2cl:    0.40805    0.28121   [   0.050003    0.99998 ]
                         : ----------------------------------------------------------------
                         : 
                         : Evaluation results ranked by best signal efficiency and purity (area)
                         : -------------------------------------------------------------------------------------------------------------------
                         : DataSet       MVA                       
                         : Name:         Method:          ROC-integ
                         : dataset       BDT            : 0.973
                         : dataset       BDTG           : 0.973
                         : -------------------------------------------------------------------------------------------------------------------
                         : 
                         : Testing efficiency compared to training efficiency (overtraining check)
                         : -------------------------------------------------------------------------------------------------------------------
                         : DataSet              MVA              Signal efficiency: from test sample (from training sample) 
                         : Name:                Method:          @B=0.01             @B=0.10            @B=0.30   
                         : -------------------------------------------------------------------------------------------------------------------
                         : dataset              BDT            : 0.784 (0.792)       0.931 (0.931)      0.970 (0.970)
                         : dataset              BDTG           : 0.801 (0.809)       0.928 (0.928)      0.968 (0.968)
                         : -------------------------------------------------------------------------------------------------------------------
                         : 
Dataset:dataset          : Created tree 'TestTree' with 182229 events
                         : 
Dataset:dataset          : Created tree 'TrainTree' with 182229 events
                         : 
Factory                  : [1mThank you for using TMVA![0m
                         : [1mFor citation information, please visit: http://tmva.sf.net/citeTMVA.html[0m
Pass 9
==> Wrote root file: rootfiles/TMVA_B_s_BDT_BDTG_2p0_3p0_0-1-2-3-4-5-7-8-11.root
==> TMVAClassification is done!
--- Launch TMVA GUI to view input file: rootfiles/TMVA_B_s_BDT_BDTG_2p0_3p0_0-1-2-3-4-5-7-8-11.root
=== Note: inactive buttons indicate classifiers that were not trained, ===
===       or functionalities that were not invoked during the training ===
--- --------------------------------------------------------------------
--- If you want to save the image as eps, gif or png, please comment out 
--- the corresponding lines (line no. 239-241) in tmvaglob.C
--- --------------------------------------------------------------------
--- --------------------------------------------------------------------
--- If you want to save the image as eps, gif or png, please comment out 
--- the corresponding lines (line no. 239-241) in tmvaglob.C
--- --------------------------------------------------------------------
--- --------------------------------------------------------------------
--- If you want to save the image as eps, gif or png, please comment out 
--- the corresponding lines (line no. 239-241) in tmvaglob.C
--- --------------------------------------------------------------------
--- --------------------------------------------------------------------
--- If you want to save the image as eps, gif or png, please comment out 
--- the corresponding lines (line no. 239-241) in tmvaglob.C
--- --------------------------------------------------------------------
--- --------------------------------------------------------------------
--- If you want to save the image as eps, gif or png, please comment out 
--- the corresponding lines (line no. 239-241) in tmvaglob.C
--- --------------------------------------------------------------------
--- --------------------------------------------------------------------
--- If you want to save the image as eps, gif or png, please comment out 
--- the corresponding lines (line no. 239-241) in tmvaglob.C
--- --------------------------------------------------------------------
--- --------------------------------------------------------------------
--- If you want to save the image as eps, gif or png, please comment out 
--- the corresponding lines (line no. 239-241) in tmvaglob.C
--- --------------------------------------------------------------------
--- --------------------------------------------------------------------
--- If you want to save the image as eps, gif or png, please comment out 
--- the corresponding lines (line no. 239-241) in tmvaglob.C
--- --------------------------------------------------------------------
--- Found 2 classifier types
--- Found 1 instance(s) of the method Method_BDTG
--- Found 1 instance(s) of the method Method_BDT
--- Found 2 classifier types
--- Found 1 instance(s) of the method Method_BDTG
--- Found 1 instance(s) of the method Method_BDT
--- --------------------------------------------------------------------
--- If you want to save the image as eps, gif or png, please comment out 
--- the corresponding lines (line no. 239-241) in tmvaglob.C
--- --------------------------------------------------------------------
--- Found directory for method: BDTG::BDTG containing MVA_BDTG_S/_B
--- Mean and RMS (S): 0.612433, 0.698574
--- Mean and RMS (B): -0.965977, 0.202056
--- Found comparison histograms for overtraining check
--- Perform Kolmogorov-Smirnov tests
--- Goodness of signal (background) consistency: 0 (0)
--- --------------------------------------------------------------------
--- If you want to save the image as eps, gif or png, please comment out 
--- the corresponding lines (line no. 239-241) in tmvaglob.C
--- --------------------------------------------------------------------
--- Found directory for method: BDT::BDT containing MVA_BDT_S/_B
--- Mean and RMS (S): -0.0153868, 0.106049
--- Mean and RMS (B): -0.208977, 0.035461
--- Found comparison histograms for overtraining check
--- Perform Kolmogorov-Smirnov tests
--- Goodness of signal (background) consistency: 0 (0.008)
--- --------------------------------------------------------------------
--- If you want to save the image as eps, gif or png, please comment out 
--- the corresponding lines (line no. 239-241) in tmvaglob.C
--- --------------------------------------------------------------------
--- --------------------------------------------------------------------
--- If you want to save the image as eps, gif or png, please comment out 
--- the corresponding lines (line no. 239-241) in tmvaglob.C
--- --------------------------------------------------------------------
--- --------------------------------------------------------------------
--- If you want to save the image as eps, gif or png, please comment out 
--- the corresponding lines (line no. 239-241) in tmvaglob.C
--- --------------------------------------------------------------------
--- Found directory: Method_BDTG
--- Classifier: BDTG
--- Found directory: Method_BDT
--- Classifier: BDT
--- ==================================================================================================
--- Classifier   (  #signal, #backgr.)  Optimal-cut  S/sqrt(S+B)      NSig      NBkg   EffSig   EffBkg
--- --------------------------------------------------------------------------------------------------
--- --------------------------------------------------------------------------------------------------

--- --------------------------------------------------------------------
--- If you want to save the image as eps, gif or png, please comment out 
--- the corresponding lines (line no. 239-241) in tmvaglob.C
--- --------------------------------------------------------------------
--- --------------------------------------------------------------------
--- If you want to save the image as eps, gif or png, please comment out 
--- the corresponding lines (line no. 239-241) in tmvaglob.C
--- --------------------------------------------------------------------
